<?xml version="1.0" encoding="UTF-8"?>
<testng-results skipped="0" failed="0" total="1" passed="1">
  <reporter-output>
  </reporter-output>
  <suite name="Suite" duration-ms="20402" started-at="2017-12-24T11:12:50Z" finished-at="2017-12-24T11:13:10Z">
    <groups>
    </groups>
    <test name="Test" duration-ms="20402" started-at="2017-12-24T11:12:50Z" finished-at="2017-12-24T11:13:10Z">
      <class name="com.pack1.Demo1">
        <test-method status="PASS" signature="demo()[pri:0, instance:com.pack1.Demo1@21a06946]" name="demo" duration-ms="20388" started-at="2017-12-24T16:42:50Z" finished-at="2017-12-24T16:43:10Z">
          <reporter-output>
          </reporter-output>
        </test-method> <!-- demo -->
      </class> <!-- com.pack1.Demo1 -->
    </test> <!-- Test -->
  </suite> <!-- Suite -->
</testng-results>
